<?xml version="1.0" encoding="UTF-8"?>
<testsuite xmlns:xsi="http://www.w3.org/2001/XMLSchema-instance" xsi:noNamespaceSchemaLocation="https://maven.apache.org/surefire/maven-surefire-plugin/xsd/surefire-test-report.xsd" name="runner.TestRunner" time="140.103" tests="27" errors="0" skipped="0" failures="0">
  <properties>
[...]
</properties>
  <testcase name="runScenario" classname="runner.TestRunner" time="4.419"/>
  <testcase name="runScenario" classname="runner.TestRunner" time="0.883"/>
  <testcase name="runScenario" classname="runner.TestRunner" time="0.916"/>
  <testcase name="runScenario" classname="runner.TestRunner" time="0.783"/>
  <testcase name="runScenario" classname="runner.TestRunner" time="12.904"/>
  <testcase name="runScenario" classname="runner.TestRunner" time="4.252"/>
  <testcase name="runScenario" classname="runner.TestRunner" time="4.074"/>
  <testcase name="runScenario" classname="runner.TestRunner" time="3.15"/>
  <testcase name="runScenario" classname="runner.TestRunner" time="3.247"/>
  <testcase name="runScenario" classname="runner.TestRunner" time="3.078"/>
  <testcase name="runScenario" classname="runner.TestRunner" time="36.332"/>
  <testcase name="runScenario" classname="runner.TestRunner" time="1.754"/>
  <testcase name="runScenario" classname="runner.TestRunner" time="34.334"/>
  <testcase name="runScenario" classname="runner.TestRunner" time="1.223"/>
  <testcase name="runScenario" classname="runner.TestRunner" time="0.705"/>
  <testcase name="runScenario" classname="runner.TestRunner" time="3.646"/>
  <testcase name="runScenario" classname="runner.TestRunner" time="3.306"/>
  <testcase name="runScenario" classname="runner.TestRunner" time="3.513"/>
  <testcase name="runScenario" classname="runner.TestRunner" time="3.241"/>
  <testcase name="runScenario" classname="runner.TestRunner" time="3.372"/>
  <testcase name="runScenario" classname="runner.TestRunner" time="3.184"/>
  <testcase name="runScenario" classname="runner.TestRunner" time="1.092"/>
  <testcase name="runScenario" classname="runner.TestRunner" time="0.905"/>
  <testcase name="runScenario" classname="runner.TestRunner" time="0.836"/>
  <testcase name="runScenario" classname="runner.TestRunner" time="1.084"/>
  <testcase name="runScenario" classname="runner.TestRunner" time="0.746"/>
  <testcase name="runScenario" classname="runner.TestRunner" time="0.822"/>
</testsuite>